<?xml version="1.0" encoding="UTF-8"?>
<testsuite name="CarCollectionTest" tests="1" skipped="0" failures="0" errors="0" timestamp="2021-12-05T11:21:59" hostname="WIN-PMQ4KS7D0RT" time="0.007">
  <properties/>
  <testcase name="testForEach" classname="CarCollectionTest" time="0.007"/>
  <system-out><![CDATA[]]></system-out>
  <system-err><![CDATA[]]></system-err>
</testsuite>
