<?xml version="1.0" encoding="UTF-8"?>
<testsuite name="CarArraysTest" tests="11" skipped="0" failures="0" errors="0" timestamp="2021-12-01T05:33:48" hostname="WIN-PMQ4KS7D0RT" time="0.011">
  <properties/>
  <testcase name="remove" classname="CarArraysTest" time="0.007"/>
  <testcase name="whenIndexOutOfBoundsException" classname="CarArraysTest" time="0.001"/>
  <testcase name="removeAt" classname="CarArraysTest" time="0.001"/>
  <testcase name="get" classname="CarArraysTest" time="0.0"/>
  <testcase name="size" classname="CarArraysTest" time="0.0"/>
  <testcase name="clear" classname="CarArraysTest" time="0.0"/>
  <testcase name="whenAddedCarinIndexIntoLasPosition" classname="CarArraysTest" time="0.0"/>
  <testcase name="whenAddedCarinIndexIntoFirstPosition" classname="CarArraysTest" time="0.001"/>
  <testcase name="whenNonExistentElementRemovedThenReturnFalse" classname="CarArraysTest" time="0.0"/>
  <testcase name="whenAddedCarinIndex" classname="CarArraysTest" time="0.0"/>
  <testcase name="WhenAddedNewCarSizeMustBe101" classname="CarArraysTest" time="0.0"/>
  <system-out><![CDATA[]]></system-out>
  <system-err><![CDATA[]]></system-err>
</testsuite>
