<?xml version="1.0" encoding="UTF-8"?>
<testsuite name="CarSetTest" tests="4" skipped="0" failures="0" errors="0" timestamp="2021-12-01T15:46:07" hostname="WIN-PMQ4KS7D0RT" time="0.008">
  <properties/>
  <testcase name="remove" classname="CarSetTest" time="0.007"/>
  <testcase name="add" classname="CarSetTest" time="0.0"/>
  <testcase name="size" classname="CarSetTest" time="0.001"/>
  <testcase name="clear" classname="CarSetTest" time="0.0"/>
  <system-out><![CDATA[]]></system-out>
  <system-err><![CDATA[]]></system-err>
</testsuite>
